c:\users\vazah\desktop\src\win32player\debug\vc143.pdb
c:\users\vazah\desktop\src\win32player\debug\vc143.idb
c:\users\vazah\desktop\src\win32player\debug\cplayer.obj
c:\users\vazah\desktop\src\win32player\debug\cplayerscriptlib.obj
c:\users\vazah\desktop\src\win32player\debug\registryhelper.obj
c:\users\vazah\desktop\src\win32player\debug\steamsupport.obj
c:\users\vazah\desktop\src\win32player\debug\win32player.obj
c:\users\vazah\desktop\src\win32player\debug\win32player.exe
c:\users\vazah\desktop\src\win32player\debug\win32player.ilk
c:\users\vazah\desktop\src\win32player\debug\win32player.pdb
c:\users\vazah\desktop\src\win32player\debug\win32player.res
c:\users\vazah\desktop\src\win32player\debug\win32player.tlog\cl.command.1.tlog
c:\users\vazah\desktop\src\win32player\debug\win32player.tlog\cl.read.1.tlog
c:\users\vazah\desktop\src\win32player\debug\win32player.tlog\cl.write.1.tlog
c:\users\vazah\desktop\src\win32player\debug\win32player.tlog\link.command.1.tlog
c:\users\vazah\desktop\src\win32player\debug\win32player.tlog\link.read.1.tlog
c:\users\vazah\desktop\src\win32player\debug\win32player.tlog\link.write.1.tlog
c:\users\vazah\desktop\src\win32player\debug\win32player.tlog\rc.command.1.tlog
c:\users\vazah\desktop\src\win32player\debug\win32player.tlog\rc.read.1.tlog
c:\users\vazah\desktop\src\win32player\debug\win32player.tlog\rc.write.1.tlog
